<?xml version="1.0" encoding="UTF-8"?>
<testsuite xmlns:xsi="http://www.w3.org/2001/XMLSchema-instance" xsi:noNamespaceSchemaLocation="https://maven.apache.org/surefire/maven-surefire-plugin/xsd/surefire-test-report.xsd" name="com.TestMessageService" time="10.511" tests="10" errors="0" skipped="0" failures="0">
  <properties>
[...]
</properties>
  <testcase name="testCompareStr" classname="com.TestMessageService" time="0.003"/>
  <testcase name="testDiv" classname="com.TestMessageService" time="0.001"/>
  <testcase name="testMod" classname="com.TestMessageService" time="0.003"/>
  <testcase name="testMul" classname="com.TestMessageService" time="0.018"/>
  <testcase name="testSub" classname="com.TestMessageService" time="0.008"/>
  <testcase name="testSum" classname="com.TestMessageService" time="0.001"/>
  <testcase name="testHEllo" classname="com.TestMessageService" time="0.001"/>
  <testcase name="testConcatStr" classname="com.TestMessageService" time="0.006"/>
  <testcase name="testDisplayList" classname="com.TestMessageService" time="0.001"/>
  <testcase name="testSubStr" classname="com.TestMessageService" time="0.003"/>
</testsuite>